SF:C:\Users\markw\repos\research\hono-test\controllers\weatherController.ts
FN:7,getWeather
FNDA:5,getWeather
FNF:1
FNH:1
BRDA:9,1,0,4
BRDA:11,1,1,3
BRDA:18,1,2,2
BRDA:23,1,3,1
BRDA:24,1,4,1
BRF:5
BRH:5
DA:2,1
DA:3,1
DA:5,1
DA:7,1
DA:8,6
DA:9,6
DA:10,6
DA:11,6
DA:13,9
DA:14,9
DA:15,9
DA:16,9
DA:17,9
DA:18,6
DA:19,8
DA:20,8
DA:21,8
DA:22,8
DA:23,8
DA:24,8
DA:25,8
DA:26,8
DA:27,8
DA:28,6
DA:29,1
DA:31,1
LH:26
LF:26
end_of_record
SF:C:\Users\markw\repos\research\hono-test\mappers\currentWeatherMapper.ts
FN:3,currentWeatherMapper
FNDA:5,currentWeatherMapper
FNF:1
FNH:1
BRF:0
BRH:0
DA:3,2
DA:4,7
DA:5,7
DA:6,7
DA:7,7
DA:8,7
DA:9,7
DA:10,7
DA:11,7
DA:12,7
DA:13,7
DA:14,7
DA:15,7
DA:16,7
DA:17,7
DA:18,7
DA:19,7
DA:20,7
DA:21,7
DA:22,7
DA:23,7
DA:24,7
DA:25,7
DA:26,7
DA:27,7
DA:28,7
DA:29,7
DA:30,7
DA:31,7
DA:32,7
DA:33,7
DA:34,7
DA:35,7
DA:36,7
DA:37,7
DA:38,2
LH:36
LF:36
end_of_record
SF:C:\Users\markw\repos\research\hono-test\services\weatherServices.ts
FN:4,<instance_members_initializer>
FN:6,WeatherService
FN:11,fetchCurrentWeather
FNDA:14,<instance_members_initializer>
FNDA:14,WeatherService
FNDA:9,fetchCurrentWeather
FNF:3
FNH:3
BRDA:15,3,0,7
BRDA:16,3,1,3
BRDA:18,3,2,4
BRDA:19,3,3,3
BRDA:21,3,4,6
BRF:5
BRH:5
DA:3,2
DA:4,2
DA:6,2
DA:8,16
DA:9,16
DA:11,2
DA:12,11
DA:14,11
DA:15,11
DA:16,11
DA:17,14
DA:18,14
DA:19,15
DA:20,14
DA:21,11
DA:22,17
DA:23,17
DA:24,17
DA:25,11
DA:26,2
DA:28,2
LH:21
LF:21
end_of_record
